usage: Accelerate launch command [-h] [--config_file CONFIG_FILE] [--quiet]
                                 [--cpu] [--multi_gpu] [--tpu] [--ipex]
                                 [--mixed_precision {no,fp16,bf16,fp8}]
                                 [--num_processes NUM_PROCESSES]
                                 [--num_machines NUM_MACHINES]
                                 [--num_cpu_threads_per_process NUM_CPU_THREADS_PER_PROCESS]
                                 [--enable_cpu_affinity]
                                 [--dynamo_backend {no,eager,aot_eager,inductor,aot_ts_nvfuser,nvprims_nvfuser,cudagraphs,ofi,fx2trt,onnxrt,tensorrt,aot_torchxla_trace_once,torhchxla_trace_once,ipex,tvm}]
                                 [--dynamo_mode {default,reduce-overhead,max-autotune}]
                                 [--dynamo_use_fullgraph]
                                 [--dynamo_use_dynamic] [--use_deepspeed]
                                 [--use_fsdp] [--use_tp] [--use_megatron_lm]
                                 [--use_xpu] [--gpu_ids GPU_IDS]
                                 [--same_network]
                                 [--machine_rank MACHINE_RANK]
                                 [--main_process_ip MAIN_PROCESS_IP]
                                 [--main_process_port MAIN_PROCESS_PORT]
                                 [-t TEE] [--log_dir LOG_DIR] [--role ROLE]
                                 [--rdzv_backend RDZV_BACKEND]
                                 [--rdzv_conf RDZV_CONF]
                                 [--max_restarts MAX_RESTARTS]
                                 [--monitor_interval MONITOR_INTERVAL] [-m]
                                 [--no_python] [--tpu_cluster]
                                 [--no_tpu_cluster] [--tpu_use_sudo] [--vm VM]
                                 [--env ENV]
                                 [--main_training_function MAIN_TRAINING_FUNCTION]
                                 [--downcast_bf16]
                                 [--deepspeed_config_file DEEPSPEED_CONFIG_FILE]
                                 [--zero_stage ZERO_STAGE]
                                 [--offload_optimizer_device OFFLOAD_OPTIMIZER_DEVICE]
                                 [--offload_param_device OFFLOAD_PARAM_DEVICE]
                                 [--offload_optimizer_nvme_path OFFLOAD_OPTIMIZER_NVME_PATH]
                                 [--offload_param_nvme_path OFFLOAD_PARAM_NVME_PATH]
                                 [--gradient_accumulation_steps GRADIENT_ACCUMULATION_STEPS]
                                 [--gradient_clipping GRADIENT_CLIPPING]
                                 [--zero3_init_flag ZERO3_INIT_FLAG]
                                 [--zero3_save_16bit_model ZERO3_SAVE_16BIT_MODEL]
                                 [--deepspeed_hostfile DEEPSPEED_HOSTFILE]
                                 [--deepspeed_exclusion_filter DEEPSPEED_EXCLUSION_FILTER]
                                 [--deepspeed_inclusion_filter DEEPSPEED_INCLUSION_FILTER]
                                 [--deepspeed_multinode_launcher DEEPSPEED_MULTINODE_LAUNCHER]
                                 [--deepspeed_moe_layer_cls_names DEEPSPEED_MOE_LAYER_CLS_NAMES]
                                 [--fsdp_version {1,2}]
                                 [--fsdp_offload_params FSDP_OFFLOAD_PARAMS]
                                 [--fsdp_min_num_params FSDP_MIN_NUM_PARAMS]
                                 [--fsdp_sharding_strategy FSDP_SHARDING_STRATEGY]
                                 [--fsdp_reshard_after_forward FSDP_RESHARD_AFTER_FORWARD]
                                 [--fsdp_auto_wrap_policy FSDP_AUTO_WRAP_POLICY]
                                 [--fsdp_transformer_layer_cls_to_wrap FSDP_TRANSFORMER_LAYER_CLS_TO_WRAP]
                                 [--fsdp_backward_prefetch FSDP_BACKWARD_PREFETCH]
                                 [--fsdp_state_dict_type FSDP_STATE_DICT_TYPE]
                                 [--fsdp_forward_prefetch FSDP_FORWARD_PREFETCH]
                                 [--fsdp_use_orig_params FSDP_USE_ORIG_PARAMS]
                                 [--fsdp_cpu_ram_efficient_loading FSDP_CPU_RAM_EFFICIENT_LOADING]
                                 [--fsdp_sync_module_states FSDP_SYNC_MODULE_STATES]
                                 [--fsdp_activation_checkpointing FSDP_ACTIVATION_CHECKPOINTING]
                                 [--tp_size TP_SIZE]
                                 [--megatron_lm_tp_degree MEGATRON_LM_TP_DEGREE]
                                 [--megatron_lm_pp_degree MEGATRON_LM_PP_DEGREE]
                                 [--megatron_lm_num_micro_batches MEGATRON_LM_NUM_MICRO_BATCHES]
                                 [--megatron_lm_sequence_parallelism MEGATRON_LM_SEQUENCE_PARALLELISM]
                                 [--megatron_lm_recompute_activations MEGATRON_LM_RECOMPUTE_ACTIVATIONS]
                                 [--megatron_lm_use_distributed_optimizer MEGATRON_LM_USE_DISTRIBUTED_OPTIMIZER]
                                 [--megatron_lm_gradient_clipping MEGATRON_LM_GRADIENT_CLIPPING]
                                 [--fp8_backend {te,msamp}]
                                 [--fp8_use_autocast_during_eval]
                                 [--fp8_margin FP8_MARGIN]
                                 [--fp8_interval FP8_INTERVAL]
                                 [--fp8_format {E4M3,HYBRID}]
                                 [--fp8_amax_history_len FP8_AMAX_HISTORY_LEN]
                                 [--fp8_amax_compute_algo {max,most_recent}]
                                 [--fp8_override_linear_precision FP8_OVERRIDE_LINEAR_PRECISION]
                                 [--fp8_opt_level {O1,O2}]
                                 [--aws_access_key_id AWS_ACCESS_KEY_ID]
                                 [--aws_secret_access_key AWS_SECRET_ACCESS_KEY]
                                 [--debug] [--mpirun_hostfile MPIRUN_HOSTFILE]
                                 [--mpirun_ccl MPIRUN_CCL]
                                 training_script ...
Accelerate launch command: error: argument --machine_rank/--machine-rank: invalid int value: ''
